Determining if the pthread_create exist failed with the following output:
Change Dir: /mnt/hgfs/Git/catkin_ws/src/ros_homework_3/cluster/CMakeFiles/CMakeTmp

Run Build Command:"/usr/bin/make" "cmTC_cf27d/fast"
/usr/bin/make -f CMakeFiles/cmTC_cf27d.dir/build.make CMakeFiles/cmTC_cf27d.dir/build
make[1]: Entering directory '/mnt/hgfs/Git/catkin_ws/src/ros_homework_3/cluster/CMakeFiles/CMakeTmp'
Building C object CMakeFiles/cmTC_cf27d.dir/CheckSymbolExists.c.o
/usr/bin/cc     -o CMakeFiles/cmTC_cf27d.dir/CheckSymbolExists.c.o   -c /mnt/hgfs/Git/catkin_ws/src/ros_homework_3/cluster/CMakeFiles/CMakeTmp/CheckSymbolExists.c
Linking C executable cmTC_cf27d
/usr/bin/cmake -E cmake_link_script CMakeFiles/cmTC_cf27d.dir/link.txt --verbose=1
/usr/bin/cc       CMakeFiles/cmTC_cf27d.dir/CheckSymbolExists.c.o  -o cmTC_cf27d -rdynamic 
CMakeFiles/cmTC_cf27d.dir/CheckSymbolExists.c.o: In function `main':
CheckSymbolExists.c:(.text+0x16): undefined reference to `pthread_create'
collect2: error: ld returned 1 exit status
CMakeFiles/cmTC_cf27d.dir/build.make:97: recipe for target 'cmTC_cf27d' failed
make[1]: *** [cmTC_cf27d] Error 1
make[1]: Leaving directory '/mnt/hgfs/Git/catkin_ws/src/ros_homework_3/cluster/CMakeFiles/CMakeTmp'
Makefile:126: recipe for target 'cmTC_cf27d/fast' failed
make: *** [cmTC_cf27d/fast] Error 2

File /mnt/hgfs/Git/catkin_ws/src/ros_homework_3/cluster/CMakeFiles/CMakeTmp/CheckSymbolExists.c:
/* */
#include <pthread.h>

int main(int argc, char** argv)
{
  (void)argv;
#ifndef pthread_create
  return ((int*)(&pthread_create))[argc];
#else
  (void)argc;
  return 0;
#endif
}

Determining if the function pthread_create exists in the pthreads failed with the following output:
Change Dir: /mnt/hgfs/Git/catkin_ws/src/ros_homework_3/cluster/CMakeFiles/CMakeTmp

Run Build Command:"/usr/bin/make" "cmTC_79c88/fast"
/usr/bin/make -f CMakeFiles/cmTC_79c88.dir/build.make CMakeFiles/cmTC_79c88.dir/build
make[1]: Entering directory '/mnt/hgfs/Git/catkin_ws/src/ros_homework_3/cluster/CMakeFiles/CMakeTmp'
Building C object CMakeFiles/cmTC_79c88.dir/CheckFunctionExists.c.o
/usr/bin/cc    -DCHECK_FUNCTION_EXISTS=pthread_create   -o CMakeFiles/cmTC_79c88.dir/CheckFunctionExists.c.o   -c /usr/share/cmake-3.5/Modules/CheckFunctionExists.c
Linking C executable cmTC_79c88
/usr/bin/cmake -E cmake_link_script CMakeFiles/cmTC_79c88.dir/link.txt --verbose=1
/usr/bin/cc   -DCHECK_FUNCTION_EXISTS=pthread_create    CMakeFiles/cmTC_79c88.dir/CheckFunctionExists.c.o  -o cmTC_79c88 -rdynamic -lpthreads 
/usr/bin/ld: cannot find -lpthreads
collect2: error: ld returned 1 exit status
CMakeFiles/cmTC_79c88.dir/build.make:97: recipe for target 'cmTC_79c88' failed
make[1]: *** [cmTC_79c88] Error 1
make[1]: Leaving directory '/mnt/hgfs/Git/catkin_ws/src/ros_homework_3/cluster/CMakeFiles/CMakeTmp'
Makefile:126: recipe for target 'cmTC_79c88/fast' failed
make: *** [cmTC_79c88/fast] Error 2


